<<<<<<< HEAD
170516 11:38:13 [Note] \bin\mysqld-opt.exe: ready for connections.
Version: '5.0.67-community-nt'  socket: ''  port: 3311  MySQL Community Edition (GPL)
170521 12:18:23 [Note] \bin\mysqld-opt.exe: ready for connections.
=======
170519 11:42:17 [Note] \bin\mysqld-opt.exe: ready for connections.
>>>>>>> serviciosWeb
Version: '5.0.67-community-nt'  socket: ''  port: 3311  MySQL Community Edition (GPL)
170525 18:29:42 [Note] \bin\mysqld-opt.exe: ready for connections.
Version: '5.0.67-community-nt'  socket: ''  port: 3311  MySQL Community Edition (GPL)
170525 18:30:08 [Note] \bin\mysqld-opt.exe: Normal shutdown

170525 18:30:08 [Note] \bin\mysqld-opt.exe: Shutdown complete

170525 18:30:10 [Note] \bin\mysqld-opt.exe: ready for connections.
Version: '5.0.67-community-nt'  socket: ''  port: 3311  MySQL Community Edition (GPL)
170528 15:49:15 [Note] \bin\mysqld-opt.exe: ready for connections.
Version: '5.0.67-community-nt'  socket: ''  port: 3311  MySQL Community Edition (GPL)
170528 19:11:19 [Note] \bin\mysqld-opt.exe: ready for connections.
Version: '5.0.67-community-nt'  socket: ''  port: 3311  MySQL Community Edition (GPL)
170528 20:02:47 [Note] \bin\mysqld-opt.exe: Normal shutdown

170528 20:02:47 [Note] \bin\mysqld-opt.exe: Shutdown complete

170530 15:49:38 [Note] \bin\mysqld-opt.exe: ready for connections.
Version: '5.0.67-community-nt'  socket: ''  port: 3311  MySQL Community Edition (GPL)
170530 20:27:46 [Note] \bin\mysqld-opt.exe: Normal shutdown

170530 20:27:46 [Note] \bin\mysqld-opt.exe: Shutdown complete

<<<<<<< d2bc27990c17e8f2fcc0d4a2676674523ec9b68c
<<<<<<< b33b77992f59cc739eeb0e6f7885a5f551b1e5a8
170530 20:30:24 [Note] \bin\mysqld-opt.exe: ready for connections.
Version: '5.0.67-community-nt'  socket: ''  port: 3311  MySQL Community Edition (GPL)
170530 21:09:24 [Note] \bin\mysqld-opt.exe: Normal shutdown

170530 21:09:24 [Note] \bin\mysqld-opt.exe: Shutdown complete

=======
>>>>>>> añadido login
=======
170530 20:30:24 [Note] \bin\mysqld-opt.exe: ready for connections.
Version: '5.0.67-community-nt'  socket: ''  port: 3311  MySQL Community Edition (GPL)
>>>>>>> Solucionar conflictos merge
